<?xml version="1.0" encoding="UTF-8"?>
<!-- Generated by org.testng.reporters.JUnitReportReporter -->
<testsuite hostname="Ashwinis-MacBook-Pro.local" failures="0" tests="9" name="com.github.ashwinikb.testpage.AmazonTestPage" time="23.746" errors="0" timestamp="09 Oct 2018 07:11:48 GMT" skipped="0">
  <testcase classname="com.github.ashwinikb.testpage.AmazonTestPage" name="googleUrlTest" time="0.009"/>
  <testcase classname="com.github.ashwinikb.testpage.AmazonTestPage" name="googleTitleTest" time="0.007"/>
  <testcase classname="com.github.ashwinikb.testpage.AmazonTestPage" name="amzonSearchTextBox" time="0.227"/>
  <testcase classname="com.github.ashwinikb.testpage.AmazonTestPage" name="googleTitleTest" time="0.044"/>
  <testcase classname="com.github.ashwinikb.testpage.AmazonTestPage" name="googleUrlTest" time="0.016"/>
  <testcase classname="com.github.ashwinikb.testpage.AmazonTestPage" name="amzonSearchTextBox" time="12.705"/>
  <testcase classname="com.github.ashwinikb.testpage.AmazonTestPage" name="googleUrlTest" time="0.017"/>
  <testcase classname="com.github.ashwinikb.testpage.AmazonTestPage" name="amzonSearchTextBox" time="10.712"/>
  <testcase classname="com.github.ashwinikb.testpage.AmazonTestPage" name="googleTitleTest" time="0.009"/>
</testsuite> <!-- com.github.ashwinikb.testpage.AmazonTestPage -->
